<?xml version="1.0" encoding="UTF-8"?>
<testng-results skipped="0" failed="0" ignored="0" total="1" passed="1">
  <reporter-output>
  </reporter-output>
  <suite name="Default suite" duration-ms="2137" started-at="2022-04-18T22:56:25Z" finished-at="2022-04-18T22:56:27Z">
    <groups>
    </groups>
    <test name="Default test" duration-ms="2137" started-at="2022-04-18T22:56:25Z" finished-at="2022-04-18T22:56:27Z">
      <class name="testCases.TC006_VerifyLogout">
        <test-method status="PASS" signature="init()[pri:0, instance:testCases.TC006_VerifyLogout@4a668b6e]" name="init" is-config="true" duration-ms="2726" started-at="2022-04-18T18:56:23Z" finished-at="2022-04-18T18:56:25Z">
          <reporter-output>
          </reporter-output>
        </test-method> <!-- init -->
        <test-method status="PASS" signature="myAcc_Logout()[pri:0, instance:testCases.TC006_VerifyLogout@4a668b6e]" name="myAcc_Logout" duration-ms="2125" started-at="2022-04-18T18:56:25Z" finished-at="2022-04-18T18:56:27Z">
          <reporter-output>
          </reporter-output>
        </test-method> <!-- myAcc_Logout -->
        <test-method status="PASS" signature="tearDown()[pri:0, instance:testCases.TC006_VerifyLogout@4a668b6e]" name="tearDown" is-config="true" duration-ms="878" started-at="2022-04-18T18:56:27Z" finished-at="2022-04-18T18:56:28Z">
          <reporter-output>
          </reporter-output>
        </test-method> <!-- tearDown -->
      </class> <!-- testCases.TC006_VerifyLogout -->
    </test> <!-- Default test -->
  </suite> <!-- Default suite -->
</testng-results>
